<?xml version="1.0" encoding="UTF-8"?>
<!-- Generated by org.testng.reporters.JUnitXMLReporter -->
<testsuite hostname="DESKTOP-D2PG3UN" ignored="0" name="Surefire test" tests="4" failures="0" timestamp="2022-01-18T19:33:59 IST" time="94.24" errors="0">
  <testcase name="login" time="39.505" classname="KekaAPI.keka_clockout"/>
  <testcase name="clock_out" time="33.633" classname="KekaAPI.keka_clockout"/>
  <testcase name="log_out" time="6.482" classname="KekaAPI.keka_clockout"/>
  <testcase name="browser_close" time="5.22" classname="KekaAPI.keka_clockout"/>
</testsuite> <!-- Surefire test -->
