<?xml version="1.0" encoding="UTF-8"?>
<testng-results skipped="0" failed="0" ignored="0" total="4" passed="4">
  <reporter-output>
  </reporter-output>
  <suite name="Surefire suite" duration-ms="94240" started-at="2022-01-18T19:32:25 IST" finished-at="2022-01-18T19:33:59 IST">
    <groups>
    </groups>
    <test name="Surefire test" duration-ms="94240" started-at="2022-01-18T19:32:25 IST" finished-at="2022-01-18T19:33:59 IST">
      <class name="KekaAPI.keka_clockout">
        <test-method status="PASS" signature="BT()[pri:0, instance:KekaAPI.keka_clockout@14ddd49]" name="BT" is-config="true" duration-ms="9320" started-at="2022-01-18T19:32:25 IST" finished-at="2022-01-18T19:32:34 IST">
          <reporter-output>
          </reporter-output>
        </test-method> <!-- BT -->
        <test-method status="PASS" signature="login()[pri:0, instance:KekaAPI.keka_clockout@14ddd49]" name="login" duration-ms="39505" started-at="2022-01-18T19:32:34 IST" finished-at="2022-01-18T19:33:14 IST">
          <reporter-output>
          </reporter-output>
        </test-method> <!-- login -->
        <test-method status="PASS" signature="clock_out()[pri:1, instance:KekaAPI.keka_clockout@14ddd49]" name="clock_out" duration-ms="33633" started-at="2022-01-18T19:33:14 IST" finished-at="2022-01-18T19:33:48 IST">
          <reporter-output>
          </reporter-output>
        </test-method> <!-- clock_out -->
        <test-method status="PASS" signature="log_out()[pri:2, instance:KekaAPI.keka_clockout@14ddd49]" name="log_out" duration-ms="6482" started-at="2022-01-18T19:33:48 IST" finished-at="2022-01-18T19:33:54 IST">
          <reporter-output>
          </reporter-output>
        </test-method> <!-- log_out -->
        <test-method status="PASS" signature="browser_close()[pri:3, instance:KekaAPI.keka_clockout@14ddd49]" name="browser_close" duration-ms="5220" started-at="2022-01-18T19:33:54 IST" finished-at="2022-01-18T19:33:59 IST">
          <reporter-output>
          </reporter-output>
        </test-method> <!-- browser_close -->
      </class> <!-- KekaAPI.keka_clockout -->
    </test> <!-- Surefire test -->
  </suite> <!-- Surefire suite -->
</testng-results>
